2025-05-30 18:20:01,777 - INFO - Carregando arquivos...
2025-05-30 18:20:01,777 - INFO - Validando arquivos de entrada...
2025-05-30 18:20:06,525 - ERROR - Colunas faltantes em BASE JURIDICO_CPJ3C  07_04_2025_dados avalistas.xlsx: ['CPF/CNPJ Avalista 1']
2025-05-30 18:20:06,525 - ERROR - Erro durante a execu巫o: Colunas faltantes em BASE JURIDICO_CPJ3C  07_04_2025_dados avalistas.xlsx: ['CPF/CNPJ Avalista 1']
2025-05-30 18:23:09,614 - INFO - Carregando arquivos...
2025-05-30 18:23:09,615 - INFO - Validando arquivos de entrada...
2025-05-30 18:23:14,229 - WARNING - Colunas faltantes em BASE JURIDICO_CPJ3C  07_04_2025_dados avalistas.xlsx: ['CPF/CNPJ Avalista 1']. Continuando an涇ise...
2025-05-30 18:23:14,235 - WARNING - Ignorando mapeamento para CPF 1 (CPF/CNPJ Avalista 1)
2025-05-30 18:23:33,155 - INFO - Analisando completude por GCPJ...
2025-05-30 18:24:32,496 - INFO - Analisando completude por coluna...
2025-05-30 18:24:32,894 - INFO - Gerando dashboard...
2025-05-30 18:24:32,913 - INFO - Gerando listas de GCPJs com dados faltantes...
2025-05-30 18:24:32,925 - ERROR - Erro durante a execu巫o: Object of type int64 is not JSON serializable
2025-05-30 18:28:00,519 - INFO - Carregando arquivos...
2025-05-30 18:28:00,520 - INFO - Validando arquivos de entrada...
2025-05-30 18:28:05,098 - WARNING - Colunas faltantes em BASE JURIDICO_CPJ3C  07_04_2025_dados avalistas.xlsx: ['CPF/CNPJ Avalista 1']. Continuando an치lise...
2025-05-30 18:28:05,098 - WARNING - Ignorando mapeamento para CPF 1 (CPF/CNPJ Avalista 1)
2025-05-30 18:28:05,100 - INFO - OK Valida칞칚o de arquivos conclu칤da
2025-05-30 18:28:05,110 - INFO - OK 9088 GCPJs carregados
2025-05-30 18:28:08,927 - INFO - OK Planilha prim치ria: 14787 registros
2025-05-30 18:28:09,706 - INFO - OK Planilha secund치ria: 4389 registros
2025-05-30 18:28:16,569 - INFO - OK Base jur칤dica: 31625 registros
2025-05-30 18:28:16,570 - INFO - Analisando completude por GCPJ...
2025-05-30 18:29:00,880 - INFO - OK An치lise por GCPJ conclu칤da: 9088 registros
2025-05-30 18:29:00,883 - INFO - Analisando completude por coluna...
2025-05-30 18:29:01,072 - INFO - OK An치lise por coluna conclu칤da: 20 colunas
2025-05-30 18:29:01,073 - INFO - Gerando dashboard...
2025-05-30 18:29:01,085 - INFO - Gerando listas de GCPJs com dados faltantes...
2025-05-30 18:29:01,101 - INFO - OK Dashboard salvo em: dashboard_completude.html
2025-05-30 18:29:01,102 - INFO - Exportando listas de GCPJs com dados faltantes...
2025-05-30 18:29:01,103 - INFO - Gerando listas de GCPJs com dados faltantes...
2025-05-30 18:29:01,141 - INFO - OK Exportado: missing_gcpj_lists/gcpj_no_primary.csv (8343 GCPJs)
2025-05-30 18:29:01,163 - INFO - OK Exportado: missing_gcpj_lists/gcpj_no_secondary.csv (9088 GCPJs)
2025-05-30 18:29:01,167 - INFO - OK Exportado: missing_gcpj_lists/gcpj_no_juridico.csv (504 GCPJs)
2025-05-30 18:29:01,167 - INFO - Exportando detalhes por GCPJ...
2025-05-30 18:29:01,177 - ERROR - Erro durante a execu칞칚o: 'str' object has no attribute 'iloc'
2025-05-30 18:36:36,042 - INFO - Carregando arquivos...
2025-05-30 18:36:36,042 - INFO - Validando arquivos de entrada...
2025-05-30 18:36:40,338 - WARNING - Colunas faltantes em BASE JURIDICO_CPJ3C  07_04_2025_dados avalistas.xlsx: ['CPF/CNPJ Avalista 1']. Continuando an치lise...
2025-05-30 18:36:40,338 - WARNING - Ignorando mapeamento para CPF 1 (CPF/CNPJ Avalista 1)
2025-05-30 18:36:40,340 - INFO - OK Valida칞칚o de arquivos conclu칤da
2025-05-30 18:36:40,348 - INFO - OK 9088 GCPJs carregados
2025-05-30 18:36:44,068 - INFO - OK Planilha prim치ria: 14787 registros
2025-05-30 18:36:44,821 - INFO - OK Planilha secund치ria: 4389 registros
2025-05-30 18:36:51,535 - INFO - OK Base jur칤dica: 31625 registros
2025-05-30 18:36:51,536 - INFO - Analisando completude por GCPJ...
2025-05-30 18:37:36,029 - INFO - OK An치lise por GCPJ conclu칤da: 9088 registros
2025-05-30 18:37:36,032 - INFO - Analisando completude por coluna...
2025-05-30 18:37:36,144 - INFO - OK An치lise por coluna conclu칤da: 20 colunas
2025-05-30 18:37:36,145 - INFO - Gerando dashboard...
2025-05-30 18:37:36,150 - INFO - Gerando listas de GCPJs com dados faltantes...
2025-05-30 18:37:36,155 - INFO - OK Dashboard salvo em: dashboard_completude.html
2025-05-30 18:37:36,156 - INFO - Exportando listas de GCPJs com dados faltantes...
2025-05-30 18:37:36,156 - INFO - Gerando listas de GCPJs com dados faltantes...
2025-05-30 18:37:36,170 - INFO - OK Exportado: missing_gcpj_lists/gcpj_no_primary.csv (8343 GCPJs)
2025-05-30 18:37:36,178 - INFO - OK Exportado: missing_gcpj_lists/gcpj_no_secondary.csv (9088 GCPJs)
2025-05-30 18:37:36,180 - INFO - OK Exportado: missing_gcpj_lists/gcpj_no_juridico.csv (504 GCPJs)
2025-05-30 18:37:36,182 - INFO - Exportando detalhes por GCPJ...
2025-05-30 18:39:40,280 - INFO - OK Exportado: gcpj_details.csv
2025-05-30 18:39:40,694 - INFO - OK An치lise conclu칤da! Verifique os arquivos gerados.
2025-05-30 18:48:16,209 - INFO - Carregando arquivos...
2025-05-30 18:48:16,209 - INFO - Validando arquivos de entrada...
2025-05-30 18:48:21,375 - WARNING - Colunas faltantes em BASE JURIDICO_CPJ3C  07_04_2025_dados avalistas.xlsx: ['CPF/CNPJ Avalista 1']. Continuando an치lise...
2025-05-30 18:48:21,375 - WARNING - Ignorando mapeamento para CPF 1 (CPF/CNPJ Avalista 1)
2025-05-30 18:48:21,377 - INFO - OK Valida칞칚o de arquivos conclu칤da
2025-05-30 18:48:21,388 - INFO - OK 9088 GCPJs carregados
2025-05-30 18:48:27,143 - INFO - OK Planilha prim치ria: 14787 registros
2025-05-30 18:48:28,745 - INFO - OK Planilha secund치ria: 4389 registros
2025-05-30 18:48:36,640 - INFO - OK Base jur칤dica: 31625 registros
2025-05-30 18:48:36,641 - INFO - Analisando completude por GCPJ...
2025-05-30 18:49:22,017 - INFO - OK An치lise por GCPJ conclu칤da: 9088 registros
2025-05-30 18:49:22,020 - INFO - Analisando completude por coluna...
2025-05-30 18:49:22,130 - INFO - OK An치lise por coluna conclu칤da: 20 colunas
2025-05-30 18:49:22,131 - INFO - Gerando dashboard...
2025-05-30 18:49:22,136 - INFO - Gerando listas de GCPJs com dados faltantes...
2025-05-30 18:49:22,143 - INFO - OK Dashboard salvo em: dashboard_completude.html
2025-05-30 18:49:22,143 - INFO - Exportando listas de GCPJs com dados faltantes...
2025-05-30 18:49:22,144 - INFO - Gerando listas de GCPJs com dados faltantes...
2025-05-30 18:49:22,157 - INFO - OK Exportado: missing_gcpj_lists/gcpj_no_primary.csv (8343 GCPJs)
2025-05-30 18:49:22,166 - INFO - OK Exportado: missing_gcpj_lists/gcpj_no_secondary.csv (9088 GCPJs)
2025-05-30 18:49:22,168 - INFO - OK Exportado: missing_gcpj_lists/gcpj_no_juridico.csv (504 GCPJs)
2025-05-30 18:49:22,168 - INFO - Exportando relat칩rio de colunas faltantes por GCPJ...
2025-05-30 18:49:22,703 - INFO - OK Exportado: gcpj_missing_columns.csv (9088 registros)
2025-05-30 18:49:23,028 - INFO - OK An치lise conclu칤da! Verifique os arquivos gerados.
2025-05-30 18:56:47,289 - INFO - Carregando arquivos...
2025-05-30 18:56:47,290 - INFO - Validando arquivos de entrada...
2025-05-30 18:56:51,532 - WARNING - Colunas faltantes em BASE JURIDICO_CPJ3C  07_04_2025_dados avalistas.xlsx: ['CPF/CNPJ Avalista 1']. Continuando an치lise...
2025-05-30 18:56:51,532 - WARNING - Ignorando mapeamento para CPF 1 (CPF/CNPJ Avalista 1)
2025-05-30 18:56:51,532 - INFO - OK Valida칞칚o de arquivos conclu칤da
2025-05-30 18:56:51,539 - INFO - OK 9088 GCPJs carregados
2025-05-30 18:56:55,188 - INFO - OK Planilha prim치ria: 14787 registros
2025-05-30 18:56:55,949 - INFO - OK Planilha secund치ria: 4389 registros
2025-05-30 18:57:02,745 - INFO - OK Base jur칤dica: 31625 registros
2025-05-30 18:57:02,746 - INFO - Analisando completude por GCPJ...
2025-05-30 18:57:02,748 - INFO - Total de colunas n칚o constantes: 17
2025-05-30 18:57:46,287 - INFO - OK An치lise por GCPJ conclu칤da: 9088 registros
2025-05-30 18:57:46,290 - INFO - Analisando completude por coluna...
2025-05-30 18:57:46,398 - INFO - OK An치lise por coluna conclu칤da: 20 colunas
2025-05-30 18:57:46,399 - INFO - Gerando dashboard...
2025-05-30 18:57:46,422 - INFO - Gerando listas de GCPJs com dados faltantes...
2025-05-30 18:57:46,434 - INFO - OK Dashboard salvo em: dashboard_completude.html
2025-05-30 18:57:46,437 - INFO - Exportando listas de GCPJs com dados faltantes...
2025-05-30 18:57:46,437 - INFO - Gerando listas de GCPJs com dados faltantes...
2025-05-30 18:57:46,455 - INFO - OK Exportado: missing_gcpj_lists/gcpj_no_primary.csv (8343 GCPJs)
2025-05-30 18:57:46,463 - INFO - OK Exportado: missing_gcpj_lists/gcpj_no_secondary.csv (9088 GCPJs)
2025-05-30 18:57:46,469 - INFO - OK Exportado: missing_gcpj_lists/gcpj_no_juridico.csv (504 GCPJs)
2025-05-30 18:57:46,470 - INFO - Exportando relat칩rio de colunas faltantes por GCPJ...
2025-05-30 18:57:46,996 - INFO - OK Exportado: gcpj_missing_columns.csv (9088 registros)
2025-05-30 18:57:47,313 - INFO - OK An치lise conclu칤da! Verifique os arquivos gerados.
2025-05-30 19:15:25,901 - INFO - Carregando arquivos...
2025-05-30 19:15:25,901 - INFO - Validando arquivos de entrada...
2025-05-30 19:15:30,238 - WARNING - Colunas faltantes em BASE JURIDICO_CPJ3C  07_04_2025_dados avalistas.xlsx: ['CPF/CNPJ Avalista 1']. Continuando an치lise...
2025-05-30 19:15:30,238 - WARNING - Ignorando mapeamento para CPF 1 (CPF/CNPJ Avalista 1)
2025-05-30 19:15:30,240 - INFO - OK Valida칞칚o de arquivos conclu칤da
2025-05-30 19:15:30,248 - INFO - OK 9088 GCPJs carregados
2025-05-30 19:15:34,132 - INFO - OK Planilha prim치ria: 14787 registros ap칩s remo칞칚o de duplicatas
2025-05-30 19:15:34,890 - INFO - OK Planilha secund치ria: 4389 registros ap칩s remo칞칚o de duplicatas
2025-05-30 19:15:41,777 - INFO - OK Base jur칤dica: 31555 registros ap칩s remo칞칚o de duplicatas
2025-05-30 19:15:41,777 - INFO - Analisando completude por GCPJ...
2025-05-30 19:15:41,779 - INFO - Total de colunas n칚o constantes: 17
2025-05-30 19:17:13,894 - INFO - OK An치lise por GCPJ conclu칤da: 9088 registros
2025-05-30 19:17:13,897 - INFO - Analisando completude por coluna...
2025-05-30 19:17:13,995 - INFO - OK An치lise por coluna conclu칤da: 20 colunas
2025-05-30 19:17:13,996 - INFO - Gerando dashboard...
2025-05-30 19:17:14,005 - INFO - Gerando listas de GCPJs com dados faltantes...
2025-05-30 19:17:14,012 - INFO - OK Dashboard salvo em: dashboard_completude.html
2025-05-30 19:17:14,012 - INFO - Exportando listas de GCPJs com dados faltantes...
2025-05-30 19:17:14,013 - INFO - Gerando listas de GCPJs com dados faltantes...
2025-05-30 19:17:14,033 - INFO - OK Exportado: missing_gcpj_lists/gcpj_no_primary.csv (8343 GCPJs)
2025-05-30 19:17:14,044 - INFO - OK Exportado: missing_gcpj_lists/gcpj_no_secondary.csv (9088 GCPJs)
2025-05-30 19:17:14,045 - INFO - OK Exportado: missing_gcpj_lists/gcpj_no_juridico.csv (514 GCPJs)
2025-05-30 19:17:14,053 - INFO - OK Exportado: missing_gcpj_lists/gcpj_no_data_at_all.csv (7755 GCPJs)
2025-05-30 19:17:14,054 - INFO - Exportando relat칩rio de colunas faltantes por GCPJ...
2025-05-30 19:17:14,599 - INFO - OK Exportado: gcpj_missing_columns.csv (9088 registros)
2025-05-30 19:17:14,603 - ERROR - Erro durante a execu칞칚o: [Errno 13] Permission denied: 'relatorio_completude_gcpj.csv'
2025-05-30 19:17:30,877 - INFO - Carregando arquivos...
2025-05-30 19:17:30,877 - INFO - Validando arquivos de entrada...
2025-05-30 19:17:35,183 - WARNING - Colunas faltantes em BASE JURIDICO_CPJ3C  07_04_2025_dados avalistas.xlsx: ['CPF/CNPJ Avalista 1']. Continuando an치lise...
2025-05-30 19:17:35,183 - WARNING - Ignorando mapeamento para CPF 1 (CPF/CNPJ Avalista 1)
2025-05-30 19:17:35,184 - INFO - OK Valida칞칚o de arquivos conclu칤da
2025-05-30 19:17:35,194 - INFO - OK 9088 GCPJs carregados
2025-05-30 19:17:38,940 - INFO - OK Planilha prim치ria: 14787 registros ap칩s remo칞칚o de duplicatas
2025-05-30 19:17:39,715 - INFO - OK Planilha secund치ria: 4389 registros ap칩s remo칞칚o de duplicatas
2025-05-30 19:17:46,510 - INFO - OK Base jur칤dica: 31555 registros ap칩s remo칞칚o de duplicatas
2025-05-30 19:17:46,510 - INFO - Analisando completude por GCPJ...
2025-05-30 19:17:46,512 - INFO - Total de colunas n칚o constantes: 17
2025-05-30 19:19:06,864 - INFO - OK An치lise por GCPJ conclu칤da: 9088 registros
2025-05-30 19:19:06,868 - INFO - Analisando completude por coluna...
2025-05-30 19:19:06,966 - INFO - OK An치lise por coluna conclu칤da: 20 colunas
2025-05-30 19:19:06,966 - INFO - Gerando dashboard...
2025-05-30 19:19:06,973 - INFO - Gerando listas de GCPJs com dados faltantes...
2025-05-30 19:19:06,981 - INFO - OK Dashboard salvo em: dashboard_completude.html
2025-05-30 19:19:06,982 - INFO - Exportando listas de GCPJs com dados faltantes...
2025-05-30 19:19:06,983 - INFO - Gerando listas de GCPJs com dados faltantes...
2025-05-30 19:19:07,003 - INFO - OK Exportado: missing_gcpj_lists/gcpj_no_primary.csv (8343 GCPJs)
2025-05-30 19:19:07,012 - INFO - OK Exportado: missing_gcpj_lists/gcpj_no_secondary.csv (9088 GCPJs)
2025-05-30 19:19:07,015 - INFO - OK Exportado: missing_gcpj_lists/gcpj_no_juridico.csv (514 GCPJs)
2025-05-30 19:19:07,023 - INFO - OK Exportado: missing_gcpj_lists/gcpj_no_data_at_all.csv (7755 GCPJs)
2025-05-30 19:19:07,023 - INFO - Exportando relat칩rio de colunas faltantes por GCPJ...
2025-05-30 19:19:07,531 - INFO - OK Exportado: gcpj_missing_columns.csv (9088 registros)
2025-05-30 19:19:07,879 - INFO - OK An치lise conclu칤da! Verifique os arquivos gerados.
2025-05-30 19:34:57,470 - INFO - Carregando arquivos...
2025-05-30 19:34:57,470 - INFO - Validando arquivos de entrada...
2025-05-30 19:35:02,097 - WARNING - Colunas faltantes em BASE JURIDICO_CPJ3C  07_04_2025_dados avalistas.xlsx: ['PROCESSO', 'TIPO_ACAO', 'ENVOLVIDO', 'CPF', 'CPF/CNPJ Avalista 1']. Continuando an치lise...
2025-05-30 19:35:02,097 - WARNING - Ignorando mapeamento para PROCESSO (PROCESSO)
2025-05-30 19:35:02,100 - WARNING - Ignorando mapeamento para PROCEDIMENTO (TIPO_ACAO)
2025-05-30 19:35:02,100 - WARNING - Ignorando mapeamento para NOME PARTE CONTR츼RIA PRINCIPAL (ENVOLVIDO)
2025-05-30 19:35:02,101 - WARNING - Ignorando mapeamento para CPF/CNPJ (CPF)
2025-05-30 19:35:02,101 - WARNING - Ignorando mapeamento para CPF 1 (CPF/CNPJ Avalista 1)
2025-05-30 19:35:02,101 - INFO - OK Valida칞칚o de arquivos conclu칤da
2025-05-30 19:35:02,113 - INFO - OK 9088 GCPJs carregados
2025-05-30 19:35:06,037 - INFO - OK Planilha prim치ria: 14787 registros
2025-05-30 19:35:06,807 - INFO - OK Planilha secund치ria: 4389 registros
2025-05-30 19:35:13,713 - INFO - OK Base jur칤dica: 31625 registros
2025-05-30 19:35:13,713 - INFO - Analisando completude por GCPJ...
2025-05-30 19:35:13,715 - INFO - Total de colunas n칚o constantes: 13
2025-05-30 19:35:59,678 - INFO - OK An치lise por GCPJ conclu칤da: 9088 registros
2025-05-30 19:35:59,681 - INFO - Analisando completude por coluna...
2025-05-30 19:35:59,756 - INFO - OK An치lise por coluna conclu칤da: 20 colunas
2025-05-30 19:35:59,760 - INFO - Gerando dashboard...
2025-05-30 19:35:59,774 - INFO - Gerando listas de GCPJs com dados faltantes...
2025-05-30 19:35:59,784 - INFO - OK Dashboard salvo em: dashboard_completude.html
2025-05-30 19:35:59,784 - INFO - Exportando listas de GCPJs com dados faltantes...
2025-05-30 19:35:59,784 - INFO - Gerando listas de GCPJs com dados faltantes...
2025-05-30 19:35:59,804 - INFO - OK Exportado: missing_gcpj_lists/gcpj_no_primary.csv (8343 GCPJs)
2025-05-30 19:35:59,814 - INFO - OK Exportado: missing_gcpj_lists/gcpj_no_secondary.csv (9088 GCPJs)
2025-05-30 19:35:59,816 - INFO - OK Exportado: missing_gcpj_lists/gcpj_no_juridico.csv (504 GCPJs)
2025-05-30 19:35:59,823 - INFO - OK Exportado: missing_gcpj_lists/gcpj_no_data_at_all.csv (7748 GCPJs)
2025-05-30 19:35:59,824 - INFO - Exportando relat칩rio de colunas faltantes por GCPJ...
2025-05-30 19:36:00,339 - INFO - OK Exportado: gcpj_missing_columns.csv (9088 registros)
2025-05-30 19:36:00,343 - ERROR - Erro durante a execu칞칚o: [Errno 13] Permission denied: 'relatorio_completude_gcpj.csv'
2025-05-30 19:46:23,102 - INFO - Carregando arquivos...
2025-05-30 19:46:23,102 - INFO - Validando arquivos de entrada...
2025-05-30 19:46:27,380 - WARNING - Colunas faltantes em BASE JURIDICO_CPJ3C  07_04_2025_dados avalistas.xlsx: ['PROCESSO', 'TIPO_ACAO', 'ENVOLVIDO', 'CPF', 'CPF/CNPJ Avalista 1']. Continuando an치lise...
2025-05-30 19:46:27,380 - WARNING - Ignorando mapeamento para PROCESSO (PROCESSO)
2025-05-30 19:46:27,382 - WARNING - Ignorando mapeamento para PROCEDIMENTO (TIPO_ACAO)
2025-05-30 19:46:27,382 - WARNING - Ignorando mapeamento para NOME PARTE CONTR츼RIA PRINCIPAL (ENVOLVIDO)
2025-05-30 19:46:27,383 - WARNING - Ignorando mapeamento para CPF/CNPJ (CPF)
2025-05-30 19:46:27,383 - WARNING - Ignorando mapeamento para CPF 1 (CPF/CNPJ Avalista 1)
2025-05-30 19:46:27,383 - INFO - OK Valida칞칚o de arquivos conclu칤da
2025-05-30 19:46:27,391 - INFO - OK 9088 GCPJs carregados
2025-05-30 19:46:31,625 - INFO - OK Planilha prim치ria: 14787 registros
2025-05-30 19:46:33,014 - INFO - OK Planilha secund치ria: 4389 registros
2025-05-30 19:46:46,274 - INFO - OK Base jur칤dica: 31625 registros
2025-05-30 19:46:46,274 - INFO - Analisando completude por GCPJ...
2025-05-30 19:46:46,274 - INFO - Total de colunas n칚o constantes: 13
2025-05-30 19:47:56,853 - INFO - Carregando arquivos...
2025-05-30 19:47:56,853 - INFO - Validando arquivos de entrada...
2025-05-30 19:48:01,243 - WARNING - Colunas faltantes em BASE JURIDICO_CPJ3C  07_04_2025_dados avalistas.xlsx: ['CPF/CNPJ Avalista 1']. Continuando an치lise...
2025-05-30 19:48:01,243 - WARNING - Ignorando mapeamento para CPF 1 (CPF/CNPJ Avalista 1)
2025-05-30 19:48:01,245 - INFO - OK Valida칞칚o de arquivos conclu칤da
2025-05-30 19:48:01,255 - INFO - OK 9088 GCPJs carregados
2025-05-30 19:48:05,258 - INFO - OK Planilha prim치ria: 14787 registros
2025-05-30 19:48:06,078 - INFO - OK Planilha secund치ria: 4389 registros
2025-05-30 19:48:13,323 - INFO - OK Base jur칤dica: 31625 registros
2025-05-30 19:48:13,323 - INFO - Analisando completude por GCPJ...
2025-05-30 19:48:13,325 - INFO - Total de colunas n칚o constantes: 16
2025-05-30 19:49:04,847 - INFO - OK An치lise por GCPJ conclu칤da: 9088 registros
2025-05-30 19:49:04,851 - INFO - Analisando completude por coluna...
2025-05-30 19:49:05,066 - INFO - OK An치lise por coluna conclu칤da: 20 colunas
2025-05-30 19:49:05,070 - INFO - Gerando dashboard...
2025-05-30 19:49:05,075 - INFO - Gerando listas de GCPJs com dados faltantes...
2025-05-30 19:49:05,083 - INFO - OK Dashboard salvo em: dashboard_completude.html
2025-05-30 19:49:05,084 - INFO - Exportando listas de GCPJs com dados faltantes...
2025-05-30 19:49:05,084 - INFO - Gerando listas de GCPJs com dados faltantes...
2025-05-30 19:49:05,101 - INFO - OK Exportado: missing_gcpj_lists/gcpj_no_primary.csv (8343 GCPJs)
2025-05-30 19:49:05,111 - INFO - OK Exportado: missing_gcpj_lists/gcpj_no_secondary.csv (9088 GCPJs)
2025-05-30 19:49:05,113 - INFO - OK Exportado: missing_gcpj_lists/gcpj_no_juridico.csv (504 GCPJs)
2025-05-30 19:49:05,115 - INFO - OK Exportado: missing_gcpj_lists/gcpj_no_data_at_all.csv (380 GCPJs)
2025-05-30 19:49:05,115 - INFO - Exportando relat칩rio de colunas faltantes por GCPJ...
2025-05-30 19:49:05,612 - INFO - OK Exportado: gcpj_missing_columns.csv (9088 registros)
2025-05-30 19:49:05,915 - INFO - OK An치lise conclu칤da! Verifique os arquivos gerados.
